<?xml version="1.0" encoding="UTF-8"?>
<!-- Generated by org.testng.reporters.JUnitReportReporter -->
<testsuite name="tnm_review_main.CreateRequest" tests="35" time="0.206" ignored="0" failures="0" timestamp="24 Jan 2021 09:37:25 GMT" skipped="34" hostname="DESKTOP-GAEG9SK" errors="1">
  <testcase name="chang_requestor_US" time="0.002" classname="tnm_review_main.CreateRequest">
    <skipped/>
  </testcase> <!-- chang_requestor_US -->
  <testcase name="setup" time="0.000" classname="tnm_review_main.CreateRequest">
    <error type="org.openqa.selenium.WebDriverException" message="Failed to decode response from marionette
Build info: version: &#039;3.141.59&#039;, revision: &#039;e82be7d358&#039;, time: &#039;2018-11-14T08:17:03&#039;
System info: host: &#039;DESKTOP-GAEG9SK&#039;, ip: &#039;9.102.56.25&#039;, os.name: &#039;Windows 10&#039;, os.arch: &#039;amd64&#039;, os.version: &#039;10.0&#039;, java.version: &#039;1.8.0_221&#039;
Driver info: org.openqa.selenium.firefox.FirefoxDriver
Capabilities {acceptInsecureCerts: true, browserName: firefox, browserVersion: 72.0.2, javascriptEnabled: true, moz:accessibilityChecks: false, moz:buildID: 20200117190643, moz:geckodriverVersion: 0.26.0, moz:headless: true, moz:processID: 27204, moz:profile: C:\Users\SanjayKushwaha\App..., moz:shutdownTimeout: 60000, moz:useNonSpecCompliantPointerOrigin: false, moz:webdriverClick: true, pageLoadStrategy: normal, platform: WINDOWS, platformName: WINDOWS, platformVersion: 10.0, rotatable: false, setWindowRect: true, strictFileInteractability: false, timeouts: {implicit: 0, pageLoad: 300000, script: 30000}, unhandledPromptBehavior: dismiss and notify}
Session ID: dd925f68-599c-499a-9f51-c314c7b8f052">
      <![CDATA[org.openqa.selenium.WebDriverException: Failed to decode response from marionette
Build info: version: '3.141.59', revision: 'e82be7d358', time: '2018-11-14T08:17:03'
System info: host: 'DESKTOP-GAEG9SK', ip: '9.102.56.25', os.name: 'Windows 10', os.arch: 'amd64', os.version: '10.0', java.version: '1.8.0_221'
Driver info: org.openqa.selenium.firefox.FirefoxDriver
Capabilities {acceptInsecureCerts: true, browserName: firefox, browserVersion: 72.0.2, javascriptEnabled: true, moz:accessibilityChecks: false, moz:buildID: 20200117190643, moz:geckodriverVersion: 0.26.0, moz:headless: true, moz:processID: 27204, moz:profile: C:\Users\SanjayKushwaha\App..., moz:shutdownTimeout: 60000, moz:useNonSpecCompliantPointerOrigin: false, moz:webdriverClick: true, pageLoadStrategy: normal, platform: WINDOWS, platformName: WINDOWS, platformVersion: 10.0, rotatable: false, setWindowRect: true, strictFileInteractability: false, timeouts: {implicit: 0, pageLoad: 300000, script: 30000}, unhandledPromptBehavior: dismiss and notify}
Session ID: dd925f68-599c-499a-9f51-c314c7b8f052
	at sun.reflect.NativeConstructorAccessorImpl.newInstance0(Native Method)
	at sun.reflect.NativeConstructorAccessorImpl.newInstance(NativeConstructorAccessorImpl.java:62)
	at sun.reflect.DelegatingConstructorAccessorImpl.newInstance(DelegatingConstructorAccessorImpl.java:45)
	at java.lang.reflect.Constructor.newInstance(Constructor.java:423)
	at org.openqa.selenium.remote.http.W3CHttpResponseCodec.createException(W3CHttpResponseCodec.java:187)
	at org.openqa.selenium.remote.http.W3CHttpResponseCodec.decode(W3CHttpResponseCodec.java:122)
	at org.openqa.selenium.remote.http.W3CHttpResponseCodec.decode(W3CHttpResponseCodec.java:49)
	at org.openqa.selenium.remote.HttpCommandExecutor.execute(HttpCommandExecutor.java:158)
	at org.openqa.selenium.remote.service.DriverCommandExecutor.execute(DriverCommandExecutor.java:83)
	at org.openqa.selenium.remote.RemoteWebDriver.execute(RemoteWebDriver.java:552)
	at org.openqa.selenium.remote.RemoteWebDriver.execute(RemoteWebDriver.java:609)
	at org.openqa.selenium.remote.RemoteWebDriver$RemoteWebDriverOptions$RemoteWindow.maximize(RemoteWebDriver.java:837)
	at tnm_review_main.CreateRequest.setup(CreateRequest.java:59)
	at sun.reflect.NativeMethodAccessorImpl.invoke0(Native Method)
	at sun.reflect.NativeMethodAccessorImpl.invoke(NativeMethodAccessorImpl.java:62)
	at sun.reflect.DelegatingMethodAccessorImpl.invoke(DelegatingMethodAccessorImpl.java:43)
	at java.lang.reflect.Method.invoke(Method.java:498)
	at org.testng.internal.MethodInvocationHelper.invokeMethod(MethodInvocationHelper.java:104)
	at org.testng.internal.Invoker.invokeConfigurationMethod(Invoker.java:515)
	at org.testng.internal.Invoker.invokeConfigurations(Invoker.java:217)
	at org.testng.internal.Invoker.invokeConfigurations(Invoker.java:144)
	at org.testng.TestRunner.beforeRun(TestRunner.java:634)
	at org.testng.TestRunner.run(TestRunner.java:602)
	at org.testng.SuiteRunner.runTest(SuiteRunner.java:387)
	at org.testng.SuiteRunner.runSequentially(SuiteRunner.java:382)
	at org.testng.SuiteRunner.privateRun(SuiteRunner.java:340)
	at org.testng.SuiteRunner.run(SuiteRunner.java:289)
	at org.testng.SuiteRunnerWorker.runSuite(SuiteRunnerWorker.java:52)
	at org.testng.SuiteRunnerWorker.run(SuiteRunnerWorker.java:86)
	at org.testng.TestNG.runSuitesSequentially(TestNG.java:1293)
	at org.testng.TestNG.runSuitesLocally(TestNG.java:1218)
	at org.testng.TestNG.runSuites(TestNG.java:1133)
	at org.testng.TestNG.run(TestNG.java:1104)
	at org.testng.remote.AbstractRemoteTestNG.run(AbstractRemoteTestNG.java:132)
	at org.testng.remote.RemoteTestNG.initAndRun(RemoteTestNG.java:236)
	at org.testng.remote.RemoteTestNG.main(RemoteTestNG.java:81)
]]>
    </error>
  </testcase> <!-- setup -->
  <testcase name="loc_details_US" time="0.024" classname="tnm_review_main.CreateRequest">
    <skipped/>
  </testcase> <!-- loc_details_US -->
  <testcase name="skill_req_GB" time="0.011" classname="tnm_review_main.CreateRequest">
    <skipped/>
  </testcase> <!-- skill_req_GB -->
  <testcase name="alert_call_GB" time="0.001" classname="tnm_review_main.CreateRequest">
    <skipped/>
  </testcase> <!-- alert_call_GB -->
  <testcase name="req_details_GB" time="0.015" classname="tnm_review_main.CreateRequest">
    <skipped/>
  </testcase> <!-- req_details_GB -->
  <testcase name="rates_details_GB" time="0.002" classname="tnm_review_main.CreateRequest">
    <skipped/>
  </testcase> <!-- rates_details_GB -->
  <testcase name="skill_req_US" time="0.003" classname="tnm_review_main.CreateRequest">
    <skipped/>
  </testcase> <!-- skill_req_US -->
  <testcase name="select_requestor_GB" time="0.001" classname="tnm_review_main.CreateRequest">
    <skipped/>
  </testcase> <!-- select_requestor_GB -->
  <testcase name="loc_details" time="0.005" classname="tnm_review_main.CreateRequest">
    <skipped/>
  </testcase> <!-- loc_details -->
  <testcase name="chang_requestor" time="0.004" classname="tnm_review_main.CreateRequest">
    <skipped/>
  </testcase> <!-- chang_requestor -->
  <testcase name="create_req" time="0.003" classname="tnm_review_main.CreateRequest">
    <skipped/>
  </testcase> <!-- create_req -->
  <testcase name="alert_call" time="0.006" classname="tnm_review_main.CreateRequest">
    <skipped/>
  </testcase> <!-- alert_call -->
  <testcase name="rates_details" time="0.009" classname="tnm_review_main.CreateRequest">
    <skipped/>
  </testcase> <!-- rates_details -->
  <testcase name="sup_slection_US" time="0.002" classname="tnm_review_main.CreateRequest">
    <skipped/>
  </testcase> <!-- sup_slection_US -->
  <testcase name="RIPC_Login" time="0.003" classname="tnm_review_main.CreateRequest">
    <skipped/>
  </testcase> <!-- RIPC_Login -->
  <testcase name="sup_slection_GB" time="0.002" classname="tnm_review_main.CreateRequest">
    <skipped/>
  </testcase> <!-- sup_slection_GB -->
  <testcase name="select_jrss" time="0.005" classname="tnm_review_main.CreateRequest">
    <skipped/>
  </testcase> <!-- select_jrss -->
  <testcase name="create_req_US" time="0.005" classname="tnm_review_main.CreateRequest">
    <skipped/>
  </testcase> <!-- create_req_US -->
  <testcase name="switching_inst_US" time="0.004" classname="tnm_review_main.CreateRequest">
    <skipped/>
  </testcase> <!-- switching_inst_US -->
  <testcase name="rates_details_US" time="0.005" classname="tnm_review_main.CreateRequest">
    <skipped/>
  </testcase> <!-- rates_details_US -->
  <testcase name="switching_insta" time="0.007" classname="tnm_review_main.CreateRequest">
    <skipped/>
  </testcase> <!-- switching_insta -->
  <testcase name="loc_details_GB" time="0.005" classname="tnm_review_main.CreateRequest">
    <skipped/>
  </testcase> <!-- loc_details_GB -->
  <testcase name="req_details" time="0.008" classname="tnm_review_main.CreateRequest">
    <skipped/>
  </testcase> <!-- req_details -->
  <testcase name="select_requestor" time="0.004" classname="tnm_review_main.CreateRequest">
    <skipped/>
  </testcase> <!-- select_requestor -->
  <testcase name="select_requestor_US" time="0.001" classname="tnm_review_main.CreateRequest">
    <skipped/>
  </testcase> <!-- select_requestor_US -->
  <testcase name="alert_call_US" time="0.015" classname="tnm_review_main.CreateRequest">
    <skipped/>
  </testcase> <!-- alert_call_US -->
  <testcase name="select_jrss_US" time="0.002" classname="tnm_review_main.CreateRequest">
    <skipped/>
  </testcase> <!-- select_jrss_US -->
  <testcase name="sup_slection" time="0.002" classname="tnm_review_main.CreateRequest">
    <skipped/>
  </testcase> <!-- sup_slection -->
  <testcase name="select_jrss_GB" time="0.001" classname="tnm_review_main.CreateRequest">
    <skipped/>
  </testcase> <!-- select_jrss_GB -->
  <testcase name="req_details_US" time="0.002" classname="tnm_review_main.CreateRequest">
    <skipped/>
  </testcase> <!-- req_details_US -->
  <testcase name="skill_req" time="0.005" classname="tnm_review_main.CreateRequest">
    <skipped/>
  </testcase> <!-- skill_req -->
  <testcase name="switch_cntry_US" time="0.035" classname="tnm_review_main.CreateRequest">
    <skipped/>
  </testcase> <!-- switch_cntry_US -->
  <testcase name="create_req_GB" time="0.002" classname="tnm_review_main.CreateRequest">
    <skipped/>
  </testcase> <!-- create_req_GB -->
  <testcase name="switch_cntry" time="0.005" classname="tnm_review_main.CreateRequest">
    <skipped/>
  </testcase> <!-- switch_cntry -->
</testsuite> <!-- tnm_review_main.CreateRequest -->
