<?xml version="1.0" encoding="UTF-8"?>
<!-- Generated by org.testng.reporters.JUnitXMLReporter -->
<testsuite hostname="DESKTOP-GAEG9SK" ignored="0" name="Regression Test_GB" tests="12" failures="0" timestamp="24 Jan 2021 07:47:29 GMT" time="34.434" errors="0">
  <testcase name="@BeforeTest setup" time="0.0" classname="tnm_review_GB_main.CreateRequest_GB">
    <failure type="org.openqa.selenium.WebDriverException" message="Failed to decode response from marionette
Build info: version: &amp;apos;3.141.59&amp;apos;, revision: &amp;apos;e82be7d358&amp;apos;, time: &amp;apos;2018-11-14T08:17:03&amp;apos;
System info: host: &amp;apos;DESKTOP-GAEG9SK&amp;apos;, ip: &amp;apos;9.102.56.25&amp;apos;, os.name: &amp;apos;Windows 10&amp;apos;, os.arch: &amp;apos;amd64&amp;apos;, os.version: &amp;apos;10.0&amp;apos;, java.version: &amp;apos;1.8.0_221&amp;apos;
Driver info: org.openqa.selenium.firefox.FirefoxDriver
Capabilities {acceptInsecureCerts: true, browserName: firefox, browserVersion: 72.0.2, javascriptEnabled: true, moz:accessibilityChecks: false, moz:buildID: 20200117190643, moz:geckodriverVersion: 0.26.0, moz:headless: false, moz:processID: 28044, moz:profile: C:\Users\SanjayKushwaha\App..., moz:shutdownTimeout: 60000, moz:useNonSpecCompliantPointerOrigin: false, moz:webdriverClick: true, pageLoadStrategy: normal, platform: WINDOWS, platformName: WINDOWS, platformVersion: 10.0, rotatable: false, setWindowRect: true, strictFileInteractability: false, timeouts: {implicit: 0, pageLoad: 300000, script: 30000}, unhandledPromptBehavior: dismiss and notify}
Session ID: daa4cb96-c666-4727-a2bb-89f9e6000f96">
      <![CDATA[org.openqa.selenium.WebDriverException: Failed to decode response from marionette
Build info: version: '3.141.59', revision: 'e82be7d358', time: '2018-11-14T08:17:03'
System info: host: 'DESKTOP-GAEG9SK', ip: '9.102.56.25', os.name: 'Windows 10', os.arch: 'amd64', os.version: '10.0', java.version: '1.8.0_221'
Driver info: org.openqa.selenium.firefox.FirefoxDriver
Capabilities {acceptInsecureCerts: true, browserName: firefox, browserVersion: 72.0.2, javascriptEnabled: true, moz:accessibilityChecks: false, moz:buildID: 20200117190643, moz:geckodriverVersion: 0.26.0, moz:headless: false, moz:processID: 28044, moz:profile: C:\Users\SanjayKushwaha\App..., moz:shutdownTimeout: 60000, moz:useNonSpecCompliantPointerOrigin: false, moz:webdriverClick: true, pageLoadStrategy: normal, platform: WINDOWS, platformName: WINDOWS, platformVersion: 10.0, rotatable: false, setWindowRect: true, strictFileInteractability: false, timeouts: {implicit: 0, pageLoad: 300000, script: 30000}, unhandledPromptBehavior: dismiss and notify}
Session ID: daa4cb96-c666-4727-a2bb-89f9e6000f96
	at org.openqa.selenium.remote.http.W3CHttpResponseCodec.createException(W3CHttpResponseCodec.java:187)
	at org.openqa.selenium.remote.http.W3CHttpResponseCodec.decode(W3CHttpResponseCodec.java:122)
	at org.openqa.selenium.remote.http.W3CHttpResponseCodec.decode(W3CHttpResponseCodec.java:49)
	at org.openqa.selenium.remote.HttpCommandExecutor.execute(HttpCommandExecutor.java:158)
	at org.openqa.selenium.remote.service.DriverCommandExecutor.execute(DriverCommandExecutor.java:83)
	at org.openqa.selenium.remote.RemoteWebDriver.execute(RemoteWebDriver.java:552)
	at org.openqa.selenium.remote.RemoteWebDriver.execute(RemoteWebDriver.java:609)
	at org.openqa.selenium.remote.RemoteWebDriver$RemoteWebDriverOptions$RemoteWindow.maximize(RemoteWebDriver.java:837)
	at tnm_review_GB_main.CreateRequest_GB.setup(CreateRequest_GB.java:64)
... Removed 27 stack frames]]>
    </failure>
  </testcase> <!-- @BeforeTest setup -->
  <testcase name="switching_insta" time="0.009" classname="tnm_review_GB_main.CreateRequest_GB">
    <skipped/>
  </testcase> <!-- switching_insta -->
  <testcase name="create_req" time="0.002" classname="tnm_review_GB_main.CreateRequest_GB">
    <skipped/>
  </testcase> <!-- create_req -->
  <testcase name="switch_cntry" time="0.003" classname="tnm_review_GB_main.CreateRequest_GB">
    <skipped/>
  </testcase> <!-- switch_cntry -->
  <testcase name="skill_req" time="0.006" classname="tnm_review_GB_main.CreateRequest_GB">
    <skipped/>
  </testcase> <!-- skill_req -->
  <testcase name="chang_requestor" time="0.007" classname="tnm_review_GB_main.CreateRequest_GB">
    <skipped/>
  </testcase> <!-- chang_requestor -->
  <testcase name="select_requestor" time="0.003" classname="tnm_review_GB_main.CreateRequest_GB">
    <skipped/>
  </testcase> <!-- select_requestor -->
  <testcase name="select_jrss" time="0.005" classname="tnm_review_GB_main.CreateRequest_GB">
    <skipped/>
  </testcase> <!-- select_jrss -->
  <testcase name="req_details" time="0.006" classname="tnm_review_GB_main.CreateRequest_GB">
    <skipped/>
  </testcase> <!-- req_details -->
  <testcase name="loc_details" time="0.018" classname="tnm_review_GB_main.CreateRequest_GB">
    <skipped/>
  </testcase> <!-- loc_details -->
  <testcase name="alert_call" time="0.025" classname="tnm_review_GB_main.CreateRequest_GB">
    <skipped/>
  </testcase> <!-- alert_call -->
  <testcase name="rates_details" time="0.004" classname="tnm_review_GB_main.CreateRequest_GB">
    <skipped/>
  </testcase> <!-- rates_details -->
  <testcase name="sup_slection" time="0.009" classname="tnm_review_GB_main.CreateRequest_GB">
    <skipped/>
  </testcase> <!-- sup_slection -->
</testsuite> <!-- Regression Test_GB -->
